2018-03-06 02:46:52,747   INFO [main] com.infy.resources.AppConfig [bookTour] - UserInterface.SUCCESS_BOOKING1500
2018-03-06 02:49:11,264   INFO [main] com.infy.resources.AppConfig [bookTour] - UserInterface.SUCCESS_BOOKING1501
2018-03-06 02:53:26,491   INFO [main] com.infy.resources.AppConfig [bookTour] - UserInterface.SUCCESS_BOOKING852
2018-03-06 02:54:40,742   INFO [main] com.infy.resources.AppConfig [getBookingReport] - 4001 Pragyan T1001 Mysore
2018-03-06 02:54:40,755   INFO [main] com.infy.resources.AppConfig [getBookingReport] - 4006 Parag T1008 mysore
2018-03-06 02:55:48,281  ERROR [main] com.infy.business.service.TourServiceImpl [getBookingReport] - 
java.lang.NullPointerException
	at com.infy.business.service.TourServiceImpl.getBookingReport(TourServiceImpl.java:98)
	at com.infy.ui.UserInterface.getBookingReport(UserInterface.java:95)
	at com.infy.ui.UserInterface.main(UserInterface.java:25)
2018-03-06 02:56:06,973   INFO [main] com.infy.resources.AppConfig [getBookingReport] - 4003 Debu T1005 Chennai
2018-03-06 02:56:07,001   INFO [main] com.infy.resources.AppConfig [getBookingReport] - 4004 Jay T1005 Chennai
2018-03-06 03:00:15,827   INFO [main] com.infy.resources.AppConfig [updateFare] - UserInterface.SUCCESS_UPDATERECORDS 1
2018-03-13 12:21:24,333   INFO [main] com.infy.resources.AppConfig [updateFare] - UserInterface.SUCCESS_UPDATERECORDS 1
2018-03-13 12:22:02,304   INFO [main] com.infy.resources.AppConfig [updateFare] - UserInterface.SUCCESS_UPDATERECORDS 1
2018-03-13 01:26:55,225  ERROR [main] com.infy.business.validator.Validator [validateTravelDate] - Validator.INVALID_TRAVELDATE
java.lang.Exception: Validator.INVALID_TRAVELDATE
	at com.infy.business.validator.Validator.validateTravelDate(Validator.java:17)
	at com.infy.business.service.TourServiceImpl.bookTour(TourServiceImpl.java:28)
	at com.infy.test.TourServiceTest.bookTourInvalidTravelDateTest(TourServiceTest.java:39)
	at sun.reflect.NativeMethodAccessorImpl.invoke0(Native Method)
	at sun.reflect.NativeMethodAccessorImpl.invoke(NativeMethodAccessorImpl.java:62)
	at sun.reflect.DelegatingMethodAccessorImpl.invoke(DelegatingMethodAccessorImpl.java:43)
	at java.lang.reflect.Method.invoke(Method.java:498)
	at org.junit.runners.model.FrameworkMethod$1.runReflectiveCall(FrameworkMethod.java:44)
	at org.junit.internal.runners.model.ReflectiveCallable.run(ReflectiveCallable.java:15)
	at org.junit.runners.model.FrameworkMethod.invokeExplosively(FrameworkMethod.java:41)
	at org.junit.internal.runners.statements.InvokeMethod.evaluate(InvokeMethod.java:20)
	at org.junit.rules.ExpectedException$ExpectedExceptionStatement.evaluate(ExpectedException.java:110)
	at org.junit.rules.RunRules.evaluate(RunRules.java:18)
	at org.junit.runners.ParentRunner.runLeaf(ParentRunner.java:263)
	at org.junit.runners.BlockJUnit4ClassRunner.runChild(BlockJUnit4ClassRunner.java:69)
	at org.junit.runners.BlockJUnit4ClassRunner.runChild(BlockJUnit4ClassRunner.java:48)
	at org.junit.runners.ParentRunner$3.run(ParentRunner.java:231)
	at org.junit.runners.ParentRunner$1.schedule(ParentRunner.java:60)
	at org.junit.runners.ParentRunner.runChildren(ParentRunner.java:229)
	at org.junit.runners.ParentRunner.access$000(ParentRunner.java:50)
	at org.junit.runners.ParentRunner$2.evaluate(ParentRunner.java:222)
	at org.junit.runners.ParentRunner.run(ParentRunner.java:292)
	at org.eclipse.jdt.internal.junit4.runner.JUnit4TestReference.run(JUnit4TestReference.java:86)
	at org.eclipse.jdt.internal.junit.runner.TestExecution.run(TestExecution.java:38)
	at org.eclipse.jdt.internal.junit.runner.RemoteTestRunner.runTests(RemoteTestRunner.java:538)
	at org.eclipse.jdt.internal.junit.runner.RemoteTestRunner.runTests(RemoteTestRunner.java:760)
	at org.eclipse.jdt.internal.junit.runner.RemoteTestRunner.run(RemoteTestRunner.java:460)
	at org.eclipse.jdt.internal.junit.runner.RemoteTestRunner.main(RemoteTestRunner.java:206)
2018-03-13 01:26:55,254  ERROR [main] com.infy.business.service.TourServiceImpl [bookTour] - Validator.INVALID_TRAVELDATE
java.lang.Exception: Validator.INVALID_TRAVELDATE
	at com.infy.business.validator.Validator.validateTravelDate(Validator.java:17)
	at com.infy.business.service.TourServiceImpl.bookTour(TourServiceImpl.java:28)
	at com.infy.test.TourServiceTest.bookTourInvalidTravelDateTest(TourServiceTest.java:39)
	at sun.reflect.NativeMethodAccessorImpl.invoke0(Native Method)
	at sun.reflect.NativeMethodAccessorImpl.invoke(NativeMethodAccessorImpl.java:62)
	at sun.reflect.DelegatingMethodAccessorImpl.invoke(DelegatingMethodAccessorImpl.java:43)
	at java.lang.reflect.Method.invoke(Method.java:498)
	at org.junit.runners.model.FrameworkMethod$1.runReflectiveCall(FrameworkMethod.java:44)
	at org.junit.internal.runners.model.ReflectiveCallable.run(ReflectiveCallable.java:15)
	at org.junit.runners.model.FrameworkMethod.invokeExplosively(FrameworkMethod.java:41)
	at org.junit.internal.runners.statements.InvokeMethod.evaluate(InvokeMethod.java:20)
	at org.junit.rules.ExpectedException$ExpectedExceptionStatement.evaluate(ExpectedException.java:110)
	at org.junit.rules.RunRules.evaluate(RunRules.java:18)
	at org.junit.runners.ParentRunner.runLeaf(ParentRunner.java:263)
	at org.junit.runners.BlockJUnit4ClassRunner.runChild(BlockJUnit4ClassRunner.java:69)
	at org.junit.runners.BlockJUnit4ClassRunner.runChild(BlockJUnit4ClassRunner.java:48)
	at org.junit.runners.ParentRunner$3.run(ParentRunner.java:231)
	at org.junit.runners.ParentRunner$1.schedule(ParentRunner.java:60)
	at org.junit.runners.ParentRunner.runChildren(ParentRunner.java:229)
	at org.junit.runners.ParentRunner.access$000(ParentRunner.java:50)
	at org.junit.runners.ParentRunner$2.evaluate(ParentRunner.java:222)
	at org.junit.runners.ParentRunner.run(ParentRunner.java:292)
	at org.eclipse.jdt.internal.junit4.runner.JUnit4TestReference.run(JUnit4TestReference.java:86)
	at org.eclipse.jdt.internal.junit.runner.TestExecution.run(TestExecution.java:38)
	at org.eclipse.jdt.internal.junit.runner.RemoteTestRunner.runTests(RemoteTestRunner.java:538)
	at org.eclipse.jdt.internal.junit.runner.RemoteTestRunner.runTests(RemoteTestRunner.java:760)
	at org.eclipse.jdt.internal.junit.runner.RemoteTestRunner.run(RemoteTestRunner.java:460)
	at org.eclipse.jdt.internal.junit.runner.RemoteTestRunner.main(RemoteTestRunner.java:206)
2018-04-05 05:15:25,647   INFO [main] com.infy.resources.AppConfig [updateFare] - UserInterface.SUCCESS_UPDATERECORDS 1
